#
# There is insufficient memory for the Java Runtime Environment to continue.
# Native memory allocation (malloc) failed to allocate 1784288 bytes for Chunk::new
# Possible reasons:
#   The system is out of physical RAM or swap space
#   The process is running with CompressedOops enabled, and the Java Heap may be blocking the growth of the native heap
# Possible solutions:
#   Reduce memory load on the system
#   Increase physical memory or swap space
#   Check if swap backing store is full
#   Decrease Java heap size (-Xmx/-Xms)
#   Decrease number of Java threads
#   Decrease Java thread stack sizes (-Xss)
#   Set larger code cache with -XX:ReservedCodeCacheSize=
#   JVM is running with Unscaled Compressed Oops mode in which the Java heap is
#     placed in the first 4GB address space. The Java Heap base address is the
#     maximum limit for the native heap growth. Please use -XX:HeapBaseMinAddress
#     to set the Java Heap base and to place the Java Heap above 4GB virtual address.
# This output file may be truncated or incomplete.
#
#  Out of Memory Error (allocation.cpp:389), pid=16008, tid=0x0000000000005584
#
# JRE version: OpenJDK Runtime Environment (8.0_242-b01) (build 1.8.0_242-release-1644-b01)
# Java VM: OpenJDK 64-Bit Server VM (25.242-b01 mixed mode windows-amd64 compressed oops)
# Failed to write core dump. Minidumps are not enabled by default on client versions of Windows
#

---------------  T H R E A D  ---------------

Current thread (0x0000000019ac3000):  JavaThread "C2 CompilerThread0" daemon [_thread_in_native, id=21892, stack(0x000000001a390000,0x000000001a490000)]

Stack: [0x000000001a390000,0x000000001a490000]
[error occurred during error reporting (printing stack bounds), id 0xc0000005]

Native frames: (J=compiled Java code, j=interpreted, Vv=VM code, C=native code)


Current CompileTask:
C2:   2567 1485   !   4       java.net.URLClassLoader$1::run (63 bytes)


---------------  P R O C E S S  ---------------

Java Threads: ( => current thread )
  0x000000001c6ee800 JavaThread "Cache worker for file hash cache (D:\AndriodKursProjeler\ChanceBook\.gradle\6.1.1\fileHashes)" [_thread_blocked, id=23600, stack(0x00000000223d0000,0x00000000224d0000)]
  0x000000001c6ef000 JavaThread "Cache worker for checksums cache (D:\AndriodKursProjeler\ChanceBook\.gradle\checksums)" [_thread_blocked, id=14424, stack(0x000000001f9a0000,0x000000001faa0000)]
  0x000000001c6f0800 JavaThread "Cache worker for file hash cache (C:\Users\hp\.gradle\caches\6.1.1\fileHashes)" [_thread_blocked, id=27644, stack(0x000000001e8d0000,0x000000001e9d0000)]
  0x000000001c6ed800 JavaThread "File lock request listener" [_thread_in_native, id=22448, stack(0x000000001e7d0000,0x000000001e8d0000)]
  0x000000001c6e3800 JavaThread "Cache worker for journal cache (C:\Users\hp\.gradle\caches\journal-1)" [_thread_blocked, id=13532, stack(0x000000001e6d0000,0x000000001e7d0000)]
  0x000000001c5ea800 JavaThread "Thread-9" [_thread_blocked, id=23524, stack(0x000000001e3d0000,0x000000001e4d0000)]
  0x000000001c5e9800 JavaThread "Stdin handler" [_thread_blocked, id=19180, stack(0x000000001e2d0000,0x000000001e3d0000)]
  0x000000001c60a000 JavaThread "Asynchronous log dispatcher for DefaultDaemonConnection: socket connection from /127.0.0.1:63457 to /127.0.0.1:63458" [_thread_blocked, id=18680, stack(0x000000001e0d0000,0x000000001e1d0000)]
  0x000000001c608800 JavaThread "Daemon worker" [_thread_in_Java, id=21412, stack(0x000000001dfd0000,0x000000001e0d0000)]
  0x000000001c616000 JavaThread "Cancel handler" [_thread_blocked, id=7320, stack(0x000000001ded0000,0x000000001dfd0000)]
  0x000000001c52c800 JavaThread "Handler for socket connection from /127.0.0.1:63457 to /127.0.0.1:63458" [_thread_in_native, id=21224, stack(0x000000001dbd0000,0x000000001dcd0000)]
  0x000000001c56b800 JavaThread "Daemon" [_thread_blocked, id=16320, stack(0x000000001dad0000,0x000000001dbd0000)]
  0x000000001c543800 JavaThread "Daemon periodic checks" [_thread_blocked, id=15860, stack(0x000000001d9d0000,0x000000001dad0000)]
  0x000000001c541000 JavaThread "Incoming local TCP Connector on port 63457" [_thread_in_native, id=24328, stack(0x000000001d790000,0x000000001d890000)]
  0x000000001c0e0800 JavaThread "Daemon health stats" [_thread_blocked, id=10944, stack(0x000000001d130000,0x000000001d230000)]
  0x0000000019b61800 JavaThread "Service Thread" daemon [_thread_blocked, id=14948, stack(0x000000001a790000,0x000000001a890000)]
  0x0000000019ad0000 JavaThread "C1 CompilerThread3" daemon [_thread_in_vm, id=7396, stack(0x000000001a690000,0x000000001a790000)]
  0x0000000019ac7000 JavaThread "C2 CompilerThread2" daemon [_thread_in_native, id=14736, stack(0x000000001a590000,0x000000001a690000)]
  0x0000000017ccc800 JavaThread "C2 CompilerThread1" daemon [_thread_in_native, id=12080, stack(0x000000001a490000,0x000000001a590000)]
=>0x0000000019ac3000 JavaThread "C2 CompilerThread0" daemon [_thread_in_native, id=21892, stack(0x000000001a390000,0x000000001a490000)]
  0x0000000019ac2000 JavaThread "Attach Listener" daemon [_thread_blocked, id=14732, stack(0x000000001a290000,0x000000001a390000)]
  0x0000000019ac1800 JavaThread "Signal Dispatcher" daemon [_thread_blocked, id=19112, stack(0x000000001a190000,0x000000001a290000)]
  0x0000000019ab0800 JavaThread "Finalizer" daemon [_thread_blocked, id=2224, stack(0x0000000019f90000,0x000000001a090000)]
  0x0000000002c08000 JavaThread "Reference Handler" daemon [_thread_blocked, id=24240, stack(0x0000000019e90000,0x0000000019f90000)]
  0x000000000298e000 JavaThread "main" [_thread_blocked, id=13156, stack(0x0000000002a00000,0x0000000002b00000)]

Other Threads:
  0x0000000017cb6800 VMThread [stack: 0x0000000019990000,0x0000000019a90000] [id=3424]
  0x0000000019b62000 WatcherThread [stack: 0x000000001a890000,0x000000001a990000] [id=11308]

VM state:not at safepoint (normal execution)

VM Mutex/Monitor currently owned by a thread: None

heap address: 0x0000000080000000, size: 2048 MB, Compressed Oops mode: 32-bit
Narrow klass base: 0x0000000000000000, Narrow klass shift: 3
Compressed class space size: 1073741824 Address: 0x0000000100000000

Heap:
 PSYoungGen      total 76288K, used 54263K [0x00000000d5580000, 0x00000000daa80000, 0x0000000100000000)
  eden space 65536K, 68% used [0x00000000d5580000,0x00000000d8194898,0x00000000d9580000)
  from space 10752K, 84% used [0x00000000da000000,0x00000000da8e9668,0x00000000daa80000)
  to   space 10752K, 0% used [0x00000000d9580000,0x00000000d9580000,0x00000000da000000)
 ParOldGen       total 175104K, used 24K [0x0000000080000000, 0x000000008ab00000, 0x00000000d5580000)
  object space 175104K, 0% used [0x0000000080000000,0x0000000080006000,0x000000008ab00000)
 Metaspace       used 18622K, capacity 19218K, committed 19456K, reserved 1067008K
  class space    used 2564K, capacity 2771K, committed 2816K, reserved 1048576K

Card table byte_map: [0x0000000011fe0000,0x00000000123f0000] byte_map_base: 0x0000000011be0000

Marking Bits: (ParMarkBitMap*) 0x000000006439f030
 Begin Bits: [0x0000000012ea0000, 0x0000000014ea0000)
 End Bits:   [0x0000000014ea0000, 0x0000000016ea0000)

Polling page: 0x00000000029a0000

CodeCache: size=245760Kb used=5791Kb max_used=5791Kb free=239968Kb
 bounds [0x0000000002c20000, 0x00000000031d0000, 0x0000000011c20000]
 total_blobs=2094 nmethods=1682 adapters=325
 compilation: enabled

Compilation events (10 events):
Event: 2.565 Thread 0x0000000019ad0000 nmethod 1672 0x00000000031bec90 code [0x00000000031bede0, 0x00000000031beef0]
Event: 2.565 Thread 0x0000000019ad0000 1671       3       java.util.LinkedHashMap$LinkedValueIterator::next (8 bytes)
Event: 2.565 Thread 0x0000000019ad0000 nmethod 1671 0x00000000031be850 code [0x00000000031be9c0, 0x00000000031bebc8]
Event: 2.565 Thread 0x0000000019ad0000 1674       1       sun.misc.ProxyGenerator::access$800 (5 bytes)
Event: 2.565 Thread 0x0000000019ad0000 nmethod 1674 0x00000000031be590 code [0x00000000031be6e0, 0x00000000031be7d0]
Event: 2.565 Thread 0x0000000019ad0000 1669       3       java.util.Objects::equals (23 bytes)
Event: 2.565 Thread 0x0000000019ad0000 nmethod 1669 0x00000000031c40d0 code [0x00000000031c4240, 0x00000000031c4508]
Event: 2.565 Thread 0x0000000019ad0000 1677       3       org.gradle.internal.reflect.PropertyAccessorType::of (95 bytes)
Event: 2.566 Thread 0x0000000017ccc800 nmethod 1675 0x00000000031be150 code [0x00000000031be2a0, 0x00000000031be3b8]
Event: 2.566 Thread 0x0000000017ccc800 1683       4       java.lang.String::<init> (100 bytes)

GC Heap History (4 events):
Event: 0.864 GC heap before
{Heap before GC invocations=1 (full 0):
 PSYoungGen      total 76288K, used 65536K [0x00000000d5580000, 0x00000000daa80000, 0x0000000100000000)
  eden space 65536K, 100% used [0x00000000d5580000,0x00000000d9580000,0x00000000d9580000)
  from space 10752K, 0% used [0x00000000da000000,0x00000000da000000,0x00000000daa80000)
  to   space 10752K, 0% used [0x00000000d9580000,0x00000000d9580000,0x00000000da000000)
 ParOldGen       total 175104K, used 0K [0x0000000080000000, 0x000000008ab00000, 0x00000000d5580000)
  object space 175104K, 0% used [0x0000000080000000,0x0000000080000000,0x000000008ab00000)
 Metaspace       used 7748K, capacity 7922K, committed 8064K, reserved 1056768K
  class space    used 948K, capacity 1042K, committed 1152K, reserved 1048576K
Event: 0.869 GC heap after
Heap after GC invocations=1 (full 0):
 PSYoungGen      total 76288K, used 5836K [0x00000000d5580000, 0x00000000daa80000, 0x0000000100000000)
  eden space 65536K, 0% used [0x00000000d5580000,0x00000000d5580000,0x00000000d9580000)
  from space 10752K, 54% used [0x00000000d9580000,0x00000000d9b331c0,0x00000000da000000)
  to   space 10752K, 0% used [0x00000000da000000,0x00000000da000000,0x00000000daa80000)
 ParOldGen       total 175104K, used 16K [0x0000000080000000, 0x000000008ab00000, 0x00000000d5580000)
  object space 175104K, 0% used [0x0000000080000000,0x0000000080004000,0x000000008ab00000)
 Metaspace       used 7748K, capacity 7922K, committed 8064K, reserved 1056768K
  class space    used 948K, capacity 1042K, committed 1152K, reserved 1048576K
}
Event: 2.181 GC heap before
{Heap before GC invocations=2 (full 0):
 PSYoungGen      total 76288K, used 71372K [0x00000000d5580000, 0x00000000daa80000, 0x0000000100000000)
  eden space 65536K, 100% used [0x00000000d5580000,0x00000000d9580000,0x00000000d9580000)
  from space 10752K, 54% used [0x00000000d9580000,0x00000000d9b331c0,0x00000000da000000)
  to   space 10752K, 0% used [0x00000000da000000,0x00000000da000000,0x00000000daa80000)
 ParOldGen       total 175104K, used 16K [0x0000000080000000, 0x000000008ab00000, 0x00000000d5580000)
  object space 175104K, 0% used [0x0000000080000000,0x0000000080004000,0x000000008ab00000)
 Metaspace       used 14846K, capacity 15256K, committed 15488K, reserved 1062912K
  class space    used 1963K, capacity 2094K, committed 2176K, reserved 1048576K
Event: 2.189 GC heap after
Heap after GC invocations=2 (full 0):
 PSYoungGen      total 76288K, used 9125K [0x00000000d5580000, 0x00000000daa80000, 0x0000000100000000)
  eden space 65536K, 0% used [0x00000000d5580000,0x00000000d5580000,0x00000000d9580000)
  from space 10752K, 84% used [0x00000000da000000,0x00000000da8e9668,0x00000000daa80000)
  to   space 10752K, 0% used [0x00000000d9580000,0x00000000d9580000,0x00000000da000000)
 ParOldGen       total 175104K, used 24K [0x0000000080000000, 0x000000008ab00000, 0x00000000d5580000)
  object space 175104K, 0% used [0x0000000080000000,0x0000000080006000,0x000000008ab00000)
 Metaspace       used 14846K, capacity 15256K, committed 15488K, reserved 1062912K
  class space    used 1963K, capacity 2094K, committed 2176K, reserved 1048576K
}

Deoptimization events (10 events):
Event: 1.958 Thread 0x000000001c52c800 Uncommon trap: reason=unstable_if action=reinterpret pc=0x0000000002f4d554 method=java.lang.String.substring(I)Ljava/lang/String; @ 35
Event: 1.989 Thread 0x000000001c608800 Uncommon trap: reason=bimorphic action=maybe_recompile pc=0x0000000002ee8310 method=java.util.HashMap.putVal(ILjava/lang/Object;Ljava/lang/Object;ZZ)Ljava/lang/Object; @ 253
Event: 1.989 Thread 0x000000001c608800 Uncommon trap: reason=bimorphic action=maybe_recompile pc=0x0000000002ee8310 method=java.util.HashMap.putVal(ILjava/lang/Object;Ljava/lang/Object;ZZ)Ljava/lang/Object; @ 253
Event: 1.989 Thread 0x000000001c608800 Uncommon trap: reason=bimorphic action=maybe_recompile pc=0x0000000002ee8310 method=java.util.HashMap.putVal(ILjava/lang/Object;Ljava/lang/Object;ZZ)Ljava/lang/Object; @ 253
Event: 2.125 Thread 0x000000001c608800 Uncommon trap: reason=class_check action=maybe_recompile pc=0x0000000002f5d758 method=java.util.regex.Matcher.match(II)Z @ 86
Event: 2.126 Thread 0x000000001c608800 Uncommon trap: reason=class_check action=maybe_recompile pc=0x0000000002f5d758 method=java.util.regex.Matcher.match(II)Z @ 86
Event: 2.126 Thread 0x000000001c608800 Uncommon trap: reason=class_check action=maybe_recompile pc=0x0000000002f5d758 method=java.util.regex.Matcher.match(II)Z @ 86
Event: 2.126 Thread 0x000000001c608800 Uncommon trap: reason=class_check action=maybe_recompile pc=0x0000000002ddc91c method=java.util.regex.Matcher.match(II)Z @ 86
Event: 2.312 Thread 0x000000001c608800 Uncommon trap: reason=unstable_if action=reinterpret pc=0x0000000002f4ad5c method=java.io.File.getName()Ljava/lang/String; @ 16
Event: 2.315 Thread 0x000000001c608800 Uncommon trap: reason=unstable_if action=reinterpret pc=0x0000000002fed104 method=java.lang.String.toUpperCase(Ljava/util/Locale;)Ljava/lang/String; @ 130

Classes redefined (0 events):
No events

Internal exceptions (10 events):
Event: 1.953 Thread 0x000000001c52c800 Exception <a 'java/lang/NoSuchMethodError': <clinit>> (0x00000000d7627cb0) thrown at [C:\src\AOSP-openjdk-git\hotspot\src\share\vm\prims\jni.cpp, line 1615]
Event: 1.954 Thread 0x000000001c52c800 Exception <a 'java/lang/NoSuchMethodError': <clinit>> (0x00000000d7630850) thrown at [C:\src\AOSP-openjdk-git\hotspot\src\share\vm\prims\jni.cpp, line 1615]
Event: 1.956 Thread 0x000000001c52c800 Exception <a 'java/lang/NoSuchMethodError': <clinit>> (0x00000000d7646be8) thrown at [C:\src\AOSP-openjdk-git\hotspot\src\share\vm\prims\jni.cpp, line 1615]
Event: 1.962 Thread 0x000000001c52c800 Exception <a 'java/lang/NoSuchMethodError': <clinit>> (0x00000000d76a1268) thrown at [C:\src\AOSP-openjdk-git\hotspot\src\share\vm\prims\jni.cpp, line 1615]
Event: 1.966 Thread 0x000000001c52c800 Exception <a 'java/lang/NoSuchMethodError': <clinit>> (0x00000000d76cdb68) thrown at [C:\src\AOSP-openjdk-git\hotspot\src\share\vm\prims\jni.cpp, line 1615]
Event: 1.970 Thread 0x000000001c52c800 Exception <a 'java/lang/NoSuchMethodError': <clinit>> (0x00000000d76facb8) thrown at [C:\src\AOSP-openjdk-git\hotspot\src\share\vm\prims\jni.cpp, line 1615]
Event: 1.970 Thread 0x000000001c52c800 Exception <a 'java/lang/NoSuchMethodError': <clinit>> (0x00000000d7705d40) thrown at [C:\src\AOSP-openjdk-git\hotspot\src\share\vm\prims\jni.cpp, line 1615]
Event: 2.341 Thread 0x000000001c608800 Exception <a 'java/lang/NoSuchMethodError': java.lang.Object.lambda$and$0(Ljava/util/function/Predicate;Ljava/lang/Object;)Z> (0x00000000d6b35130) thrown at [C:\src\AOSP-openjdk-git\hotspot\src\share\vm\interpreter\linkResolver.cpp, line 620]
Event: 2.346 Thread 0x000000001c608800 Exception <a 'java/lang/IncompatibleClassChangeError': Found class java.lang.Object, but interface was expected> (0x00000000d6b45920) thrown at [C:\src\AOSP-openjdk-git\hotspot\src\share\vm\interpreter\linkResolver.cpp, line 653]
Event: 2.347 Thread 0x000000001c608800 Exception <a 'java/lang/NoSuchMethodError': java.lang.Object.lambda$or$2(Ljava/util/function/Predicate;Ljava/lang/Object;)Z> (0x00000000d6b4a840) thrown at [C:\src\AOSP-openjdk-git\hotspot\src\share\vm\interpreter\linkResolver.cpp, line 620]

Events (10 events):
Event: 2.561 loading class org/gradle/api/plugins/ObjectConfigurationAction
Event: 2.561 loading class org/gradle/api/plugins/ObjectConfigurationAction done
Event: 2.561 loading class org/gradle/api/plugins/PluginContainer
Event: 2.562 loading class org/gradle/api/plugins/PluginContainer done
Event: 2.562 loading class org/gradle/api/plugins/PluginCollection
Event: 2.562 loading class org/gradle/api/plugins/PluginCollection done
Event: 2.562 loading class org/gradle/configuration/ConfigurationTargetIdentifier
Event: 2.562 loading class org/gradle/configuration/ConfigurationTargetIdentifier done
Event: 2.566 loading class javax/annotation/Nullable
Event: 2.566 loading class javax/annotation/Nullable done


Dynamic libraries:
0x00007ff645470000 - 0x00007ff6454a1000 	C:\Program Files\Android\Android Studio\jre\bin\java.exe
0x00007ffb29ed0000 - 0x00007ffb2a0c6000 	C:\WINDOWS\SYSTEM32\ntdll.dll
0x00007ffb28010000 - 0x00007ffb280cd000 	C:\WINDOWS\System32\KERNEL32.DLL
0x00007ffb27c70000 - 0x00007ffb27f38000 	C:\WINDOWS\System32\KERNELBASE.dll
0x00007ffb280d0000 - 0x00007ffb2817a000 	C:\WINDOWS\System32\ADVAPI32.dll
0x00007ffb28980000 - 0x00007ffb28a1e000 	C:\WINDOWS\System32\msvcrt.dll
0x00007ffb292e0000 - 0x00007ffb2937b000 	C:\WINDOWS\System32\sechost.dll
0x00007ffb29a10000 - 0x00007ffb29b34000 	C:\WINDOWS\System32\RPCRT4.dll
0x00007ffb29b40000 - 0x00007ffb29ce0000 	C:\WINDOWS\System32\USER32.dll
0x00007ffb278e0000 - 0x00007ffb27902000 	C:\WINDOWS\System32\win32u.dll
0x00007ffb292b0000 - 0x00007ffb292da000 	C:\WINDOWS\System32\GDI32.dll
0x00007ffb27910000 - 0x00007ffb27a19000 	C:\WINDOWS\System32\gdi32full.dll
0x00007ffb27bd0000 - 0x00007ffb27c6d000 	C:\WINDOWS\System32\msvcp_win.dll
0x00007ffb27ad0000 - 0x00007ffb27bd0000 	C:\WINDOWS\System32\ucrtbase.dll
0x00007ffb13d90000 - 0x00007ffb1402b000 	C:\WINDOWS\WinSxS\amd64_microsoft.windows.common-controls_6595b64144ccf1df_6.0.19041.488_none_ca04af081b815d21\COMCTL32.dll
0x00007ffb28a40000 - 0x00007ffb28a70000 	C:\WINDOWS\System32\IMM32.DLL
0x0000000064960000 - 0x0000000064a32000 	C:\Program Files\Android\Android Studio\jre\jre\bin\msvcr100.dll
0x0000000063bd0000 - 0x000000006441b000 	C:\Program Files\Android\Android Studio\jre\jre\bin\server\jvm.dll
0x00007ffb29160000 - 0x00007ffb29168000 	C:\WINDOWS\System32\PSAPI.DLL
0x00007ffb0ba60000 - 0x00007ffb0ba69000 	C:\WINDOWS\SYSTEM32\WSOCK32.dll
0x00007ffb1f790000 - 0x00007ffb1f79a000 	C:\WINDOWS\SYSTEM32\VERSION.dll
0x00007ffb29180000 - 0x00007ffb291eb000 	C:\WINDOWS\System32\WS2_32.dll
0x00007ffb10f60000 - 0x00007ffb10f87000 	C:\WINDOWS\SYSTEM32\WINMM.dll
0x00007ffb22b70000 - 0x00007ffb22b7f000 	C:\Program Files\Android\Android Studio\jre\jre\bin\verify.dll
0x00007ffb218e0000 - 0x00007ffb21909000 	C:\Program Files\Android\Android Studio\jre\jre\bin\java.dll
0x00007ffb22ae0000 - 0x00007ffb22af6000 	C:\Program Files\Android\Android Studio\jre\jre\bin\zip.dll
0x00007ffb28180000 - 0x00007ffb288c0000 	C:\WINDOWS\System32\SHELL32.dll
0x00007ffb25380000 - 0x00007ffb25b14000 	C:\WINDOWS\SYSTEM32\windows.storage.dll
0x00007ffb28a70000 - 0x00007ffb28dc5000 	C:\WINDOWS\System32\combase.dll
0x00007ffb27090000 - 0x00007ffb270bc000 	C:\WINDOWS\SYSTEM32\Wldp.dll
0x00007ffb28ef0000 - 0x00007ffb28f9e000 	C:\WINDOWS\System32\SHCORE.dll
0x00007ffb29250000 - 0x00007ffb292a5000 	C:\WINDOWS\System32\shlwapi.dll
0x00007ffb27550000 - 0x00007ffb27576000 	C:\WINDOWS\SYSTEM32\profapi.dll
0x00007ffb206a0000 - 0x00007ffb206ba000 	C:\Program Files\Android\Android Studio\jre\jre\bin\net.dll
0x00007ffb26df0000 - 0x00007ffb26e5a000 	C:\WINDOWS\system32\mswsock.dll
0x00007ffb20680000 - 0x00007ffb20693000 	C:\Program Files\Android\Android Studio\jre\jre\bin\nio.dll
0x00007ffb12bd0000 - 0x00007ffb12bf6000 	C:\Users\hp\.gradle\native\31\windows-amd64\native-platform.dll
0x00007ffb22b60000 - 0x00007ffb22b6d000 	C:\Program Files\Android\Android Studio\jre\jre\bin\management.dll
0x00007ffb26ff0000 - 0x00007ffb27008000 	C:\WINDOWS\SYSTEM32\CRYPTSP.dll
0x00007ffb26690000 - 0x00007ffb266c4000 	C:\WINDOWS\system32\rsaenh.dll
0x00007ffb27aa0000 - 0x00007ffb27ac7000 	C:\WINDOWS\System32\bcrypt.dll
0x00007ffb274d0000 - 0x00007ffb274fe000 	C:\WINDOWS\SYSTEM32\USERENV.dll
0x00007ffb27a20000 - 0x00007ffb27a9f000 	C:\WINDOWS\System32\bcryptprimitives.dll
0x00007ffb26fe0000 - 0x00007ffb26fec000 	C:\WINDOWS\SYSTEM32\CRYPTBASE.dll
0x00007ffb26a80000 - 0x00007ffb26abb000 	C:\WINDOWS\SYSTEM32\IPHLPAPI.DLL
0x00007ffb29170000 - 0x00007ffb29179000 	C:\WINDOWS\System32\NSI.dll
0x00007ffb24af0000 - 0x00007ffb24b07000 	C:\WINDOWS\SYSTEM32\dhcpcsvc6.DLL
0x00007ffb24ad0000 - 0x00007ffb24aed000 	C:\WINDOWS\SYSTEM32\dhcpcsvc.DLL
0x00007ffb26ad0000 - 0x00007ffb26b9b000 	C:\WINDOWS\SYSTEM32\DNSAPI.dll

VM Arguments:
jvm_args: -Xmx2048m -Dfile.encoding=windows-1254 -Duser.country=TR -Duser.language=tr -Duser.variant 
java_command: org.gradle.launcher.daemon.bootstrap.GradleDaemon 6.1.1
java_class_path (initial): C:\Users\hp\.gradle\wrapper\dists\gradle-6.1.1-all\cfmwm155h49vnt3hynmlrsdst\gradle-6.1.1\lib\gradle-launcher-6.1.1.jar
Launcher Type: SUN_STANDARD

Environment Variables:
JAVA_HOME=C:\Program Files\Android\Android Studio\jre
PATH=C:\Program Files (x86)\Common Files\Oracle\Java\javapath;C:\windows\system32;C:\windows;C:\windows\System32\Wbem;C:\windows\System32\WindowsPowerShell\v1.0\;C:\windows\System32\OpenSSH\;C:\Program Files (x86)\Intel\Intel(R) Management Engine Components\DAL;C:\Program Files\Intel\Intel(R) Management Engine Components\DAL;C:\Program Files (x86)\Intel\Intel(R) Management Engine Components\IPT;C:\Program Files\Intel\Intel(R) Management Engine Components\IPT;C:\Program Files (x86)\NVIDIA Corporation\PhysX\Common;C:\Program Files\Intel\WiFi\bin\;C:\Program Files\Common Files\Intel\WirelessCommon\;C:\WINDOWS\system32;C:\WINDOWS;C:\WINDOWS\System32\Wbem;C:\WINDOWS\System32\WindowsPowerShell\v1.0\;C:\WINDOWS\System32\OpenSSH\;C:\Program Files\Git\cmd;D:\MATLAB\bin;C:\Users\hp\Anaconda3;C:\Users\hp\Anaconda3\Library\mingw-w64\bin;C:\Users\hp\Anaconda3\Library\usr\bin;C:\Users\hp\Anaconda3\Library\bin;C:\Users\hp\Anaconda3\Scripts;C:\Users\hp\AppData\Local\Microsoft\WindowsApps;D:\src\flutter\bin;C:\Users\hp\AppData\Local\Programs\Microsoft VS Code\bin;C:\Users\hp\AppData\Local\GitHubDesktop\bin;;%USERPROFILE%\AppData\Local\Microsoft\WindowsApps
USERNAME=hp
OS=Windows_NT
PROCESSOR_IDENTIFIER=Intel64 Family 6 Model 158 Stepping 9, GenuineIntel



---------------  S Y S T E M  ---------------

OS: Windows 10.0 , 64 bit Build 19041 (10.0.19041.546)

CPU:total 8 (initial active 8) (4 cores per cpu, 2 threads per core) family 6 model 158 stepping 9, cmov, cx8, fxsr, mmx, sse, sse2, sse3, ssse3, sse4.1, sse4.2, popcnt, avx, avx2, aes, clmul, erms, 3dnowpref, lzcnt, ht, tsc, tscinvbit, bmi1, bmi2, adx

Memory: 4k page, physical 16653216k(1644648k free), swap 22780260k(5676k free)

vm_info: OpenJDK 64-Bit Server VM (25.242-b01) for windows-amd64 JRE (1.8.0_242-release-1644-b01), built by "builder" with MS VC++ 10.0 (VS2010)

time: Tue Oct 20 10:42:32 2020
timezone: Türkiye Standart Saati
elapsed time: 2 seconds (0d 0h 0m 2s)

