#
# There is insufficient memory for the Java Runtime Environment to continue.
# Native memory allocation (malloc) failed to allocate 1682592 bytes for Chunk::new
# Possible reasons:
#   The system is out of physical RAM or swap space
#   The process is running with CompressedOops enabled, and the Java Heap may be blocking the growth of the native heap
# Possible solutions:
#   Reduce memory load on the system
#   Increase physical memory or swap space
#   Check if swap backing store is full
#   Decrease Java heap size (-Xmx/-Xms)
#   Decrease number of Java threads
#   Decrease Java thread stack sizes (-Xss)
#   Set larger code cache with -XX:ReservedCodeCacheSize=
#   JVM is running with Unscaled Compressed Oops mode in which the Java heap is
#     placed in the first 4GB address space. The Java Heap base address is the
#     maximum limit for the native heap growth. Please use -XX:HeapBaseMinAddress
#     to set the Java Heap base and to place the Java Heap above 4GB virtual address.
# This output file may be truncated or incomplete.
#
#  Out of Memory Error (allocation.cpp:389), pid=22788, tid=0x0000000000006a14
#
# JRE version: OpenJDK Runtime Environment (8.0_242-b01) (build 1.8.0_242-release-1644-b01)
# Java VM: OpenJDK 64-Bit Server VM (25.242-b01 mixed mode windows-amd64 compressed oops)
# Failed to write core dump. Minidumps are not enabled by default on client versions of Windows
#

---------------  T H R E A D  ---------------

Current thread (0x000000001839c800):  JavaThread "C2 CompilerThread1" daemon [_thread_in_native, id=27156, stack(0x000000001ab50000,0x000000001ac50000)]

Stack: [0x000000001ab50000,0x000000001ac50000]
[error occurred during error reporting (printing stack bounds), id 0xc0000005]

Native frames: (J=compiled Java code, j=interpreted, Vv=VM code, C=native code)


Current CompileTask:
C2:   7459 5015       4       com.sun.beans.TypeResolver::resolve (37 bytes)


---------------  P R O C E S S  ---------------

Java Threads: ( => current thread )
  0x000000001fc35800 JavaThread "Cache worker for Build Output Cleanup Cache (D:\AndriodKursProjeler\ChanceBook\.gradle\buildOutputCleanup)" [_thread_blocked, id=13396, stack(0x0000000024ab0000,0x0000000024bb0000)]
  0x000000001fc3b800 JavaThread "Build operations Thread 8" [_thread_blocked, id=16240, stack(0x00000000265b0000,0x00000000266b0000)]
  0x000000001fc3c800 JavaThread "Build operations Thread 7" [_thread_blocked, id=24208, stack(0x00000000264b0000,0x00000000265b0000)]
  0x000000001fc32800 JavaThread "Build operations Thread 6" [_thread_blocked, id=9000, stack(0x00000000263b0000,0x00000000264b0000)]
  0x000000001fc35000 JavaThread "Build operations Thread 5" [_thread_blocked, id=18536, stack(0x00000000262b0000,0x00000000263b0000)]
  0x000000001fc37000 JavaThread "Build operations Thread 4" [_thread_blocked, id=5752, stack(0x00000000261b0000,0x00000000262b0000)]
  0x000000001fc38800 JavaThread "Build operations Thread 3" [_thread_blocked, id=18672, stack(0x00000000260b0000,0x00000000261b0000)]
  0x000000001fc34000 JavaThread "Build operations Thread 2" [_thread_blocked, id=26408, stack(0x0000000025fb0000,0x00000000260b0000)]
  0x000000001fc39800 JavaThread "Build operations" [_thread_blocked, id=13284, stack(0x0000000024e30000,0x0000000024f30000)]
  0x000000001cfac800 JavaThread "Cache worker for execution history cache (C:\Users\hp\.gradle\caches\6.1.1\executionHistory)" [_thread_blocked, id=23368, stack(0x0000000022960000,0x0000000022a60000)]
  0x000000001cfad000 JavaThread "Cache worker for cache directory md-rule (C:\Users\hp\.gradle\caches\6.1.1\md-rule)" [_thread_blocked, id=21908, stack(0x0000000022860000,0x0000000022960000)]
  0x000000001cfa8800 JavaThread "Cache worker for cache directory md-supplier (C:\Users\hp\.gradle\caches\6.1.1\md-supplier)" [_thread_blocked, id=13696, stack(0x0000000022760000,0x0000000022860000)]
  0x000000001cfaf800 JavaThread "Cache worker for file hash cache (D:\AndriodKursProjeler\ChanceBook\.gradle\6.1.1\fileHashes)" [_thread_blocked, id=11180, stack(0x00000000214c0000,0x00000000215c0000)]
  0x000000001cfaa000 JavaThread "Cache worker for checksums cache (D:\AndriodKursProjeler\ChanceBook\.gradle\checksums)" [_thread_blocked, id=13076, stack(0x0000000021690000,0x0000000021790000)]
  0x000000001cfab800 JavaThread "Cache worker for file hash cache (C:\Users\hp\.gradle\caches\6.1.1\fileHashes)" [_thread_blocked, id=22368, stack(0x000000001ef90000,0x000000001f090000)]
  0x000000001cfae800 JavaThread "File lock request listener" [_thread_in_native, id=8776, stack(0x000000001ee90000,0x000000001ef90000)]
  0x000000001d050800 JavaThread "Cache worker for journal cache (C:\Users\hp\.gradle\caches\journal-1)" [_thread_blocked, id=24852, stack(0x000000001ed90000,0x000000001ee90000)]
  0x000000001d06f800 JavaThread "Thread-9" [_thread_blocked, id=6036, stack(0x000000001ea90000,0x000000001eb90000)]
  0x000000001cf36800 JavaThread "Stdin handler" [_thread_blocked, id=3044, stack(0x000000001e990000,0x000000001ea90000)]
  0x000000001cf36000 JavaThread "Asynchronous log dispatcher for DefaultDaemonConnection: socket connection from /127.0.0.1:63435 to /127.0.0.1:63436" [_thread_blocked, id=23124, stack(0x000000001e790000,0x000000001e890000)]
  0x000000001cf58000 JavaThread "Daemon worker" [_thread_in_Java, id=25136, stack(0x000000001e690000,0x000000001e790000)]
  0x000000001cf56800 JavaThread "Cancel handler" [_thread_blocked, id=4232, stack(0x000000001e590000,0x000000001e690000)]
  0x000000001cf70000 JavaThread "Handler for socket connection from /127.0.0.1:63435 to /127.0.0.1:63436" [_thread_in_native, id=7564, stack(0x000000001e290000,0x000000001e390000)]
  0x000000001cf2e800 JavaThread "Daemon" [_thread_blocked, id=19424, stack(0x000000001e190000,0x000000001e290000)]
  0x000000001cf60800 JavaThread "Daemon periodic checks" [_thread_blocked, id=9408, stack(0x000000001e090000,0x000000001e190000)]
  0x000000001cec8800 JavaThread "Incoming local TCP Connector on port 63435" [_thread_in_native, id=17332, stack(0x000000001de50000,0x000000001df50000)]
  0x000000001ce6c800 JavaThread "Daemon health stats" [_thread_blocked, id=11220, stack(0x000000001c820000,0x000000001c920000)]
  0x000000001a22f800 JavaThread "Service Thread" daemon [_thread_blocked, id=15844, stack(0x000000001ae50000,0x000000001af50000)]
  0x000000001a1a3800 JavaThread "C1 CompilerThread3" daemon [_thread_in_native, id=20656, stack(0x000000001ad50000,0x000000001ae50000)]
  0x000000001a19b000 JavaThread "C2 CompilerThread2" daemon [_thread_in_native, id=20060, stack(0x000000001ac50000,0x000000001ad50000)]
=>0x000000001839c800 JavaThread "C2 CompilerThread1" daemon [_thread_in_native, id=27156, stack(0x000000001ab50000,0x000000001ac50000)]
  0x0000000018399000 JavaThread "C2 CompilerThread0" daemon [_thread_in_native, id=26872, stack(0x000000001aa50000,0x000000001ab50000)]
  0x000000001a193000 JavaThread "Attach Listener" daemon [_thread_blocked, id=16476, stack(0x000000001a950000,0x000000001aa50000)]
  0x000000001a191800 JavaThread "Signal Dispatcher" daemon [_thread_blocked, id=5960, stack(0x000000001a850000,0x000000001a950000)]
  0x000000000331e000 JavaThread "Finalizer" daemon [_thread_blocked, id=20444, stack(0x000000001a660000,0x000000001a760000)]
  0x0000000003317000 JavaThread "Reference Handler" daemon [_thread_blocked, id=19728, stack(0x000000001a560000,0x000000001a660000)]
  0x00000000030de000 JavaThread "main" [_thread_blocked, id=7716, stack(0x0000000003120000,0x0000000003220000)]

Other Threads:
  0x0000000018386000 VMThread [stack: 0x000000001a060000,0x000000001a160000] [id=22556]
  0x000000001a230000 WatcherThread [stack: 0x000000001af50000,0x000000001b050000] [id=2108]

VM state:not at safepoint (normal execution)

VM Mutex/Monitor currently owned by a thread: None

heap address: 0x0000000080000000, size: 2048 MB, Compressed Oops mode: 32-bit
Narrow klass base: 0x0000000000000000, Narrow klass shift: 3
Compressed class space size: 1073741824 Address: 0x0000000100000000

Heap:
 PSYoungGen      total 162816K, used 162347K [0x00000000d5580000, 0x00000000e1b00000, 0x0000000100000000)
  eden space 152064K, 100% used [0x00000000d5580000,0x00000000dea00000,0x00000000dea00000)
  from space 10752K, 95% used [0x00000000e1080000,0x00000000e1a8adb0,0x00000000e1b00000)
  to   space 12800K, 0% used [0x00000000e0200000,0x00000000e0200000,0x00000000e0e80000)
 ParOldGen       total 96256K, used 17287K [0x0000000080000000, 0x0000000085e00000, 0x00000000d5580000)
  object space 96256K, 17% used [0x0000000080000000,0x00000000810e1cb8,0x0000000085e00000)
 Metaspace       used 55896K, capacity 58082K, committed 58152K, reserved 1099776K
  class space    used 7495K, capacity 7981K, committed 7984K, reserved 1048576K

Card table byte_map: [0x00000000126e0000,0x0000000012af0000] byte_map_base: 0x00000000122e0000

Marking Bits: (ParMarkBitMap*) 0x000000006439f030
 Begin Bits: [0x00000000135a0000, 0x00000000155a0000)
 End Bits:   [0x00000000155a0000, 0x00000000175a0000)

Polling page: 0x0000000001800000

CodeCache: size=245760Kb used=16487Kb max_used=16487Kb free=229272Kb
 bounds [0x0000000003320000, 0x0000000004350000, 0x0000000012320000]
 total_blobs=5519 nmethods=4717 adapters=714
 compilation: enabled

Compilation events (10 events):
Event: 7.437 Thread 0x000000001a19b000 nmethod 5162 0x0000000004342e50 code [0x0000000004342fa0, 0x0000000004343088]
Event: 7.438 Thread 0x000000001a19b000 5163       4       java.net.URLClassLoader::isSealed (70 bytes)
Event: 7.441 Thread 0x000000001a1a3800 5164       1       java.util.Collections$SingletonSet::size (2 bytes)
Event: 7.441 Thread 0x000000001a1a3800 nmethod 5164 0x0000000004346590 code [0x00000000043466e0, 0x00000000043467f0]
Event: 7.446 Thread 0x000000001a1a3800 5165       1       com.android.build.api.artifact.impl.TypedStorageProvider::access$getPropertyAllocator$p (5 bytes)
Event: 7.446 Thread 0x000000001a1a3800 nmethod 5165 0x00000000043462d0 code [0x0000000004346420, 0x0000000004346510]
Event: 7.455 Thread 0x000000001a1a3800 5166       3       org.gradle.internal.operations.DefaultBuildOperationListenerManager$1::finished (48 bytes)
Event: 7.456 Thread 0x000000001a1a3800 nmethod 5166 0x0000000004345750 code [0x0000000004345900, 0x0000000004345e88]
Event: 7.456 Thread 0x000000001a1a3800 5167   !   3       org.gradle.internal.operations.DefaultBuildOperationExecutor::maybeStopUnmanagedThreadOperation (74 bytes)
Event: 7.457 Thread 0x000000001a1a3800 nmethod 5167 0x0000000004346850 code [0x0000000004346b00, 0x00000000043480c8]

GC Heap History (10 events):
Event: 3.780 GC heap before
{Heap before GC invocations=6 (full 1):
 PSYoungGen      total 76288K, used 65536K [0x00000000d5580000, 0x00000000dea80000, 0x0000000100000000)
  eden space 65536K, 100% used [0x00000000d5580000,0x00000000d9580000,0x00000000d9580000)
  from space 10752K, 0% used [0x00000000da000000,0x00000000da000000,0x00000000daa80000)
  to   space 10752K, 0% used [0x00000000d9580000,0x00000000d9580000,0x00000000da000000)
 ParOldGen       total 96256K, used 7732K [0x0000000080000000, 0x0000000085e00000, 0x00000000d5580000)
  object space 96256K, 8% used [0x0000000080000000,0x000000008078d170,0x0000000085e00000)
 Metaspace       used 28112K, capacity 28880K, committed 29232K, reserved 1075200K
  class space    used 3878K, capacity 4107K, committed 4144K, reserved 1048576K
Event: 3.785 GC heap after
Heap after GC invocations=6 (full 1):
 PSYoungGen      total 76288K, used 8172K [0x00000000d5580000, 0x00000000dd780000, 0x0000000100000000)
  eden space 65536K, 0% used [0x00000000d5580000,0x00000000d5580000,0x00000000d9580000)
  from space 10752K, 76% used [0x00000000d9580000,0x00000000d9d7b150,0x00000000da000000)
  to   space 12800K, 0% used [0x00000000dcb00000,0x00000000dcb00000,0x00000000dd780000)
 ParOldGen       total 96256K, used 7740K [0x0000000080000000, 0x0000000085e00000, 0x00000000d5580000)
  object space 96256K, 8% used [0x0000000080000000,0x000000008078f170,0x0000000085e00000)
 Metaspace       used 28112K, capacity 28880K, committed 29232K, reserved 1075200K
  class space    used 3878K, capacity 4107K, committed 4144K, reserved 1048576K
}
Event: 4.317 GC heap before
{Heap before GC invocations=7 (full 1):
 PSYoungGen      total 76288K, used 73708K [0x00000000d5580000, 0x00000000dd780000, 0x0000000100000000)
  eden space 65536K, 100% used [0x00000000d5580000,0x00000000d9580000,0x00000000d9580000)
  from space 10752K, 76% used [0x00000000d9580000,0x00000000d9d7b150,0x00000000da000000)
  to   space 12800K, 0% used [0x00000000dcb00000,0x00000000dcb00000,0x00000000dd780000)
 ParOldGen       total 96256K, used 7740K [0x0000000080000000, 0x0000000085e00000, 0x00000000d5580000)
  object space 96256K, 8% used [0x0000000080000000,0x000000008078f170,0x0000000085e00000)
 Metaspace       used 32281K, capacity 33282K, committed 33456K, reserved 1077248K
  class space    used 4381K, capacity 4700K, committed 4784K, reserved 1048576K
Event: 4.325 GC heap after
Heap after GC invocations=7 (full 1):
 PSYoungGen      total 119296K, used 8921K [0x00000000d5580000, 0x00000000dd680000, 0x0000000100000000)
  eden space 107520K, 0% used [0x00000000d5580000,0x00000000d5580000,0x00000000dbe80000)
  from space 11776K, 75% used [0x00000000dcb00000,0x00000000dd3b6500,0x00000000dd680000)
  to   space 12288K, 0% used [0x00000000dbe80000,0x00000000dbe80000,0x00000000dca80000)
 ParOldGen       total 96256K, used 7748K [0x0000000080000000, 0x0000000085e00000, 0x00000000d5580000)
  object space 96256K, 8% used [0x0000000080000000,0x0000000080791170,0x0000000085e00000)
 Metaspace       used 32281K, capacity 33282K, committed 33456K, reserved 1077248K
  class space    used 4381K, capacity 4700K, committed 4784K, reserved 1048576K
}
Event: 4.655 GC heap before
{Heap before GC invocations=8 (full 1):
 PSYoungGen      total 119296K, used 51373K [0x00000000d5580000, 0x00000000dd680000, 0x0000000100000000)
  eden space 107520K, 39% used [0x00000000d5580000,0x00000000d7ef52b8,0x00000000dbe80000)
  from space 11776K, 75% used [0x00000000dcb00000,0x00000000dd3b6500,0x00000000dd680000)
  to   space 12288K, 0% used [0x00000000dbe80000,0x00000000dbe80000,0x00000000dca80000)
 ParOldGen       total 96256K, used 7748K [0x0000000080000000, 0x0000000085e00000, 0x00000000d5580000)
  object space 96256K, 8% used [0x0000000080000000,0x0000000080791170,0x0000000085e00000)
 Metaspace       used 34464K, capacity 35426K, committed 35496K, reserved 1079296K
  class space    used 4696K, capacity 4978K, committed 5040K, reserved 1048576K
Event: 4.663 GC heap after
Heap after GC invocations=8 (full 1):
 PSYoungGen      total 119808K, used 10171K [0x00000000d5580000, 0x00000000e1c80000, 0x0000000100000000)
  eden space 107520K, 0% used [0x00000000d5580000,0x00000000d5580000,0x00000000dbe80000)
  from space 12288K, 82% used [0x00000000dbe80000,0x00000000dc86ed88,0x00000000dca80000)
  to   space 12288K, 0% used [0x00000000e1080000,0x00000000e1080000,0x00000000e1c80000)
 ParOldGen       total 96256K, used 7756K [0x0000000080000000, 0x0000000085e00000, 0x00000000d5580000)
  object space 96256K, 8% used [0x0000000080000000,0x0000000080793170,0x0000000085e00000)
 Metaspace       used 34464K, capacity 35426K, committed 35496K, reserved 1079296K
  class space    used 4696K, capacity 4978K, committed 5040K, reserved 1048576K
}
Event: 4.663 GC heap before
{Heap before GC invocations=9 (full 2):
 PSYoungGen      total 119808K, used 10171K [0x00000000d5580000, 0x00000000e1c80000, 0x0000000100000000)
  eden space 107520K, 0% used [0x00000000d5580000,0x00000000d5580000,0x00000000dbe80000)
  from space 12288K, 82% used [0x00000000dbe80000,0x00000000dc86ed88,0x00000000dca80000)
  to   space 12288K, 0% used [0x00000000e1080000,0x00000000e1080000,0x00000000e1c80000)
 ParOldGen       total 96256K, used 7756K [0x0000000080000000, 0x0000000085e00000, 0x00000000d5580000)
  object space 96256K, 8% used [0x0000000080000000,0x0000000080793170,0x0000000085e00000)
 Metaspace       used 34464K, capacity 35426K, committed 35496K, reserved 1079296K
  class space    used 4696K, capacity 4978K, committed 5040K, reserved 1048576K
Event: 4.713 GC heap after
Heap after GC invocations=9 (full 2):
 PSYoungGen      total 119808K, used 0K [0x00000000d5580000, 0x00000000e1c80000, 0x0000000100000000)
  eden space 107520K, 0% used [0x00000000d5580000,0x00000000d5580000,0x00000000dbe80000)
  from space 12288K, 0% used [0x00000000dbe80000,0x00000000dbe80000,0x00000000dca80000)
  to   space 12288K, 0% used [0x00000000e1080000,0x00000000e1080000,0x00000000e1c80000)
 ParOldGen       total 96256K, used 17279K [0x0000000080000000, 0x0000000085e00000, 0x00000000d5580000)
  object space 96256K, 17% used [0x0000000080000000,0x00000000810dfcb8,0x0000000085e00000)
 Metaspace       used 34464K, capacity 35426K, committed 35496K, reserved 1079296K
  class space    used 4696K, capacity 4978K, committed 5040K, reserved 1048576K
}
Event: 5.854 GC heap before
{Heap before GC invocations=10 (full 2):
 PSYoungGen      total 119808K, used 107520K [0x00000000d5580000, 0x00000000e1c80000, 0x0000000100000000)
  eden space 107520K, 100% used [0x00000000d5580000,0x00000000dbe80000,0x00000000dbe80000)
  from space 12288K, 0% used [0x00000000dbe80000,0x00000000dbe80000,0x00000000dca80000)
  to   space 12288K, 0% used [0x00000000e1080000,0x00000000e1080000,0x00000000e1c80000)
 ParOldGen       total 96256K, used 17279K [0x0000000080000000, 0x0000000085e00000, 0x00000000d5580000)
  object space 96256K, 17% used [0x0000000080000000,0x00000000810dfcb8,0x0000000085e00000)
 Metaspace       used 40699K, capacity 42324K, committed 42536K, reserved 1085440K
  class space    used 5528K, capacity 5918K, committed 5936K, reserved 1048576K
Event: 5.864 GC heap after
Heap after GC invocations=10 (full 2):
 PSYoungGen      total 162816K, used 10283K [0x00000000d5580000, 0x00000000e1b00000, 0x0000000100000000)
  eden space 152064K, 0% used [0x00000000d5580000,0x00000000d5580000,0x00000000dea00000)
  from space 10752K, 95% used [0x00000000e1080000,0x00000000e1a8adb0,0x00000000e1b00000)
  to   space 12800K, 0% used [0x00000000e0200000,0x00000000e0200000,0x00000000e0e80000)
 ParOldGen       total 96256K, used 17287K [0x0000000080000000, 0x0000000085e00000, 0x00000000d5580000)
  object space 96256K, 17% used [0x0000000080000000,0x00000000810e1cb8,0x0000000085e00000)
 Metaspace       used 40699K, capacity 42324K, committed 42536K, reserved 1085440K
  class space    used 5528K, capacity 5918K, committed 5936K, reserved 1048576K
}

Deoptimization events (10 events):
Event: 6.695 Thread 0x000000001cf58000 Uncommon trap: reason=unstable_if action=reinterpret pc=0x0000000003e79978 method=java.lang.ClassValue.match(Ljava/lang/ClassValue$Entry;)Z @ 12
Event: 6.695 Thread 0x000000001cf58000 Uncommon trap: reason=unstable_if action=reinterpret pc=0x0000000003e24e28 method=java.lang.ClassValue.match(Ljava/lang/ClassValue$Entry;)Z @ 12
Event: 6.699 Thread 0x000000001cf58000 Uncommon trap: reason=unstable_if action=reinterpret pc=0x000000000390ad74 method=groovy.lang.MetaClassImpl.filterPropertyMethod(Ljava/lang/Object;ZZ)Ljava/lang/Object; @ 192
Event: 6.722 Thread 0x000000001cf58000 Uncommon trap: reason=unstable_if action=reinterpret pc=0x00000000040fba1c method=org.objectweb.asm.ByteVector.putUTF8(Ljava/lang/String;)Lorg/objectweb/asm/ByteVector; @ 100
Event: 6.925 Thread 0x000000001cf58000 Uncommon trap: reason=unstable_if action=reinterpret pc=0x0000000004055e30 method=org.gradle.internal.reflect.PropertyAccessorType.of(Ljava/lang/reflect/Method;)Lorg/gradle/internal/reflect/PropertyAccessorType; @ 56
Event: 7.074 Thread 0x000000001cf58000 Uncommon trap: reason=unstable_if action=reinterpret pc=0x00000000041f6db0 method=org.gradle.internal.instantiation.generator.AbstractClassGenerator$InjectionAnnotationValidator.validateMethod(Ljava/lang/reflect/Method;Lorg/gradle/internal/reflect/Propert
Event: 7.074 Thread 0x000000001cf58000 Uncommon trap: reason=unstable_if action=reinterpret pc=0x00000000041f8104 method=org.gradle.internal.instantiation.generator.AbstractClassGenerator$InjectionAnnotationValidator.validateMethod(Ljava/lang/reflect/Method;Lorg/gradle/internal/reflect/Propert
Event: 7.086 Thread 0x000000001cf58000 Uncommon trap: reason=unstable_if action=reinterpret pc=0x0000000003e54d70 method=java.lang.ClassValue.match(Ljava/lang/ClassValue$Entry;)Z @ 12
Event: 7.136 Thread 0x000000001cf58000 Uncommon trap: reason=unstable_if action=reinterpret pc=0x0000000003ac3604 method=java.util.WeakHashMap.put(Ljava/lang/Object;Ljava/lang/Object;)Ljava/lang/Object; @ 59
Event: 7.148 Thread 0x000000001cf58000 Uncommon trap: reason=unstable_if action=reinterpret pc=0x00000000034adf80 method=java.lang.CharacterData.of(I)Ljava/lang/CharacterData; @ 4

Classes redefined (0 events):
No events

Internal exceptions (10 events):
Event: 7.164 Thread 0x000000001cf58000 Exception <a 'java/lang/ClassNotFoundException': org/gradle/api/internal/file/AbstractFileCollectionBeanInfo> (0x00000000dd4ee928) thrown at [C:\src\AOSP-openjdk-git\hotspot\src\share\vm\classfile\systemDictionary.cpp, line 210]
Event: 7.165 Thread 0x000000001cf58000 Exception <a 'java/lang/ClassNotFoundException': org/gradle/api/internal/file/AbstractFileCollectionCustomizer> (0x00000000dd52df70) thrown at [C:\src\AOSP-openjdk-git\hotspot\src\share\vm\classfile\systemDictionary.cpp, line 210]
Event: 7.166 Thread 0x000000001cf58000 Exception <a 'java/lang/ClassNotFoundException': org/gradle/api/internal/file/CompositeFileCollectionCustomizer> (0x00000000dd57ea28) thrown at [C:\src\AOSP-openjdk-git\hotspot\src\share\vm\classfile\systemDictionary.cpp, line 210]
Event: 7.167 Thread 0x000000001cf58000 Exception <a 'java/lang/ClassNotFoundException': org/gradle/api/internal/file/CompositeFileTreeCustomizer> (0x00000000dd5c9280) thrown at [C:\src\AOSP-openjdk-git\hotspot\src\share\vm\classfile\systemDictionary.cpp, line 210]
Event: 7.168 Thread 0x000000001cf58000 Exception <a 'java/lang/ClassNotFoundException': org/gradle/api/internal/file/collections/DefaultConfigurableFileTreeCustomizer> (0x00000000dd620140) thrown at [C:\src\AOSP-openjdk-git\hotspot\src\share\vm\classfile\systemDictionary.cpp, line 210]
Event: 7.270 Thread 0x000000001cf58000 Exception <a 'java/lang/ClassNotFoundException': org/gradle/api/plugins/internal/DefaultBasePluginConventionBeanInfo> (0x00000000ddd52af0) thrown at [C:\src\AOSP-openjdk-git\hotspot\src\share\vm\classfile\systemDictionary.cpp, line 210]
Event: 7.270 Thread 0x000000001cf58000 Exception <a 'java/lang/ClassNotFoundException': org/gradle/api/plugins/BasePluginConventionBeanInfo> (0x00000000ddd7e558) thrown at [C:\src\AOSP-openjdk-git\hotspot\src\share\vm\classfile\systemDictionary.cpp, line 210]
Event: 7.271 Thread 0x000000001cf58000 Exception <a 'java/lang/ClassNotFoundException': org/gradle/api/plugins/BasePluginConventionCustomizer> (0x00000000dddaa6f8) thrown at [C:\src\AOSP-openjdk-git\hotspot\src\share\vm\classfile\systemDictionary.cpp, line 210]
Event: 7.272 Thread 0x000000001cf58000 Exception <a 'java/lang/ClassNotFoundException': org/gradle/api/plugins/internal/DefaultBasePluginConventionCustomizer> (0x00000000dddf4078) thrown at [C:\src\AOSP-openjdk-git\hotspot\src\share\vm\classfile\systemDictionary.cpp, line 210]
Event: 7.279 Thread 0x000000001cf58000 Exception <a 'java/lang/NoSuchMethodError': java.lang.Object.lambda$comparingInt$7b0bb60$1(Ljava/util/function/ToIntFunction;Ljava/lang/Object;Ljava/lang/Object;)I> (0x00000000dde676d8) thrown at [C:\src\AOSP-openjdk-git\hotspot\src\share\vm\interpreter\l

Events (10 events):
Event: 7.457 loading class com/android/build/gradle/internal/scope/MutableTaskContainer
Event: 7.457 loading class com/android/build/gradle/internal/scope/MutableTaskContainer done
Event: 7.457 loading class com/android/build/gradle/internal/scope/MutableTaskContainer
Event: 7.457 loading class com/android/build/gradle/internal/scope/MutableTaskContainer done
Event: 7.458 loading class com/android/build/gradle/internal/scope/InternalArtifactType$SDK_DEPENDENCY_DATA
Event: 7.458 loading class com/android/build/gradle/internal/scope/InternalArtifactType$SDK_DEPENDENCY_DATA done
Event: 7.458 loading class com/android/build/gradle/internal/scope/InternalArtifactType$BASE_DEX
Event: 7.458 loading class com/android/build/gradle/internal/scope/InternalArtifactType$BASE_DEX done
Event: 7.458 loading class com/android/build/gradle/tasks/PackageAndroidArtifact
Event: 7.458 loading class com/android/build/gradle/tasks/PackageAndroidArtifact done


Dynamic libraries:
0x00007ff645470000 - 0x00007ff6454a1000 	C:\Program Files\Android\Android Studio\jre\bin\java.exe
0x00007ffb29ed0000 - 0x00007ffb2a0c6000 	C:\WINDOWS\SYSTEM32\ntdll.dll
0x00007ffb28010000 - 0x00007ffb280cd000 	C:\WINDOWS\System32\KERNEL32.DLL
0x00007ffb27c70000 - 0x00007ffb27f38000 	C:\WINDOWS\System32\KERNELBASE.dll
0x00007ffb280d0000 - 0x00007ffb2817a000 	C:\WINDOWS\System32\ADVAPI32.dll
0x00007ffb28980000 - 0x00007ffb28a1e000 	C:\WINDOWS\System32\msvcrt.dll
0x00007ffb292e0000 - 0x00007ffb2937b000 	C:\WINDOWS\System32\sechost.dll
0x00007ffb29a10000 - 0x00007ffb29b34000 	C:\WINDOWS\System32\RPCRT4.dll
0x00007ffb29b40000 - 0x00007ffb29ce0000 	C:\WINDOWS\System32\USER32.dll
0x00007ffb278e0000 - 0x00007ffb27902000 	C:\WINDOWS\System32\win32u.dll
0x00007ffb292b0000 - 0x00007ffb292da000 	C:\WINDOWS\System32\GDI32.dll
0x00007ffb27910000 - 0x00007ffb27a19000 	C:\WINDOWS\System32\gdi32full.dll
0x00007ffb27bd0000 - 0x00007ffb27c6d000 	C:\WINDOWS\System32\msvcp_win.dll
0x00007ffb27ad0000 - 0x00007ffb27bd0000 	C:\WINDOWS\System32\ucrtbase.dll
0x00007ffb13d90000 - 0x00007ffb1402b000 	C:\WINDOWS\WinSxS\amd64_microsoft.windows.common-controls_6595b64144ccf1df_6.0.19041.488_none_ca04af081b815d21\COMCTL32.dll
0x00007ffb28a40000 - 0x00007ffb28a70000 	C:\WINDOWS\System32\IMM32.DLL
0x0000000064960000 - 0x0000000064a32000 	C:\Program Files\Android\Android Studio\jre\jre\bin\msvcr100.dll
0x0000000063bd0000 - 0x000000006441b000 	C:\Program Files\Android\Android Studio\jre\jre\bin\server\jvm.dll
0x00007ffb29160000 - 0x00007ffb29168000 	C:\WINDOWS\System32\PSAPI.DLL
0x00007ffb0ba60000 - 0x00007ffb0ba69000 	C:\WINDOWS\SYSTEM32\WSOCK32.dll
0x00007ffb10f60000 - 0x00007ffb10f87000 	C:\WINDOWS\SYSTEM32\WINMM.dll
0x00007ffb1f790000 - 0x00007ffb1f79a000 	C:\WINDOWS\SYSTEM32\VERSION.dll
0x00007ffb29180000 - 0x00007ffb291eb000 	C:\WINDOWS\System32\WS2_32.dll
0x00007ffb22b70000 - 0x00007ffb22b7f000 	C:\Program Files\Android\Android Studio\jre\jre\bin\verify.dll
0x00007ffb218e0000 - 0x00007ffb21909000 	C:\Program Files\Android\Android Studio\jre\jre\bin\java.dll
0x00007ffb22ae0000 - 0x00007ffb22af6000 	C:\Program Files\Android\Android Studio\jre\jre\bin\zip.dll
0x00007ffb28180000 - 0x00007ffb288c0000 	C:\WINDOWS\System32\SHELL32.dll
0x00007ffb25380000 - 0x00007ffb25b14000 	C:\WINDOWS\SYSTEM32\windows.storage.dll
0x00007ffb28a70000 - 0x00007ffb28dc5000 	C:\WINDOWS\System32\combase.dll
0x00007ffb27090000 - 0x00007ffb270bc000 	C:\WINDOWS\SYSTEM32\Wldp.dll
0x00007ffb28ef0000 - 0x00007ffb28f9e000 	C:\WINDOWS\System32\SHCORE.dll
0x00007ffb29250000 - 0x00007ffb292a5000 	C:\WINDOWS\System32\shlwapi.dll
0x00007ffb27550000 - 0x00007ffb27576000 	C:\WINDOWS\SYSTEM32\profapi.dll
0x00007ffb206a0000 - 0x00007ffb206ba000 	C:\Program Files\Android\Android Studio\jre\jre\bin\net.dll
0x00007ffb26df0000 - 0x00007ffb26e5a000 	C:\WINDOWS\system32\mswsock.dll
0x00007ffb20680000 - 0x00007ffb20693000 	C:\Program Files\Android\Android Studio\jre\jre\bin\nio.dll
0x00007ffb12bd0000 - 0x00007ffb12bf6000 	C:\Users\hp\.gradle\native\31\windows-amd64\native-platform.dll
0x00007ffb22b60000 - 0x00007ffb22b6d000 	C:\Program Files\Android\Android Studio\jre\jre\bin\management.dll
0x00007ffb26ff0000 - 0x00007ffb27008000 	C:\WINDOWS\SYSTEM32\CRYPTSP.dll
0x00007ffb26690000 - 0x00007ffb266c4000 	C:\WINDOWS\system32\rsaenh.dll
0x00007ffb27aa0000 - 0x00007ffb27ac7000 	C:\WINDOWS\System32\bcrypt.dll
0x00007ffb274d0000 - 0x00007ffb274fe000 	C:\WINDOWS\SYSTEM32\USERENV.dll
0x00007ffb27a20000 - 0x00007ffb27a9f000 	C:\WINDOWS\System32\bcryptprimitives.dll
0x00007ffb26fe0000 - 0x00007ffb26fec000 	C:\WINDOWS\SYSTEM32\CRYPTBASE.dll
0x00007ffb26a80000 - 0x00007ffb26abb000 	C:\WINDOWS\SYSTEM32\IPHLPAPI.DLL
0x00007ffb29170000 - 0x00007ffb29179000 	C:\WINDOWS\System32\NSI.dll
0x00007ffb24af0000 - 0x00007ffb24b07000 	C:\WINDOWS\SYSTEM32\dhcpcsvc6.DLL
0x00007ffb24ad0000 - 0x00007ffb24aed000 	C:\WINDOWS\SYSTEM32\dhcpcsvc.DLL
0x00007ffb26ad0000 - 0x00007ffb26b9b000 	C:\WINDOWS\SYSTEM32\DNSAPI.dll

VM Arguments:
jvm_args: -Xmx2048m -Dfile.encoding=windows-1254 -Duser.country=TR -Duser.language=tr -Duser.variant 
java_command: org.gradle.launcher.daemon.bootstrap.GradleDaemon 6.1.1
java_class_path (initial): C:\Users\hp\.gradle\wrapper\dists\gradle-6.1.1-all\cfmwm155h49vnt3hynmlrsdst\gradle-6.1.1\lib\gradle-launcher-6.1.1.jar
Launcher Type: SUN_STANDARD

Environment Variables:
JAVA_HOME=C:\Program Files\Android\Android Studio\jre
PATH=C:\Program Files (x86)\Common Files\Oracle\Java\javapath;C:\windows\system32;C:\windows;C:\windows\System32\Wbem;C:\windows\System32\WindowsPowerShell\v1.0\;C:\windows\System32\OpenSSH\;C:\Program Files (x86)\Intel\Intel(R) Management Engine Components\DAL;C:\Program Files\Intel\Intel(R) Management Engine Components\DAL;C:\Program Files (x86)\Intel\Intel(R) Management Engine Components\IPT;C:\Program Files\Intel\Intel(R) Management Engine Components\IPT;C:\Program Files (x86)\NVIDIA Corporation\PhysX\Common;C:\Program Files\Intel\WiFi\bin\;C:\Program Files\Common Files\Intel\WirelessCommon\;C:\WINDOWS\system32;C:\WINDOWS;C:\WINDOWS\System32\Wbem;C:\WINDOWS\System32\WindowsPowerShell\v1.0\;C:\WINDOWS\System32\OpenSSH\;C:\Program Files\Git\cmd;D:\MATLAB\bin;C:\Users\hp\Anaconda3;C:\Users\hp\Anaconda3\Library\mingw-w64\bin;C:\Users\hp\Anaconda3\Library\usr\bin;C:\Users\hp\Anaconda3\Library\bin;C:\Users\hp\Anaconda3\Scripts;C:\Users\hp\AppData\Local\Microsoft\WindowsApps;D:\src\flutter\bin;C:\Users\hp\AppData\Local\Programs\Microsoft VS Code\bin;C:\Users\hp\AppData\Local\GitHubDesktop\bin;;%USERPROFILE%\AppData\Local\Microsoft\WindowsApps
USERNAME=hp
OS=Windows_NT
PROCESSOR_IDENTIFIER=Intel64 Family 6 Model 158 Stepping 9, GenuineIntel



---------------  S Y S T E M  ---------------

OS: Windows 10.0 , 64 bit Build 19041 (10.0.19041.546)

CPU:total 8 (initial active 8) (4 cores per cpu, 2 threads per core) family 6 model 158 stepping 9, cmov, cx8, fxsr, mmx, sse, sse2, sse3, ssse3, sse4.1, sse4.2, popcnt, avx, avx2, aes, clmul, erms, 3dnowpref, lzcnt, ht, tsc, tscinvbit, bmi1, bmi2, adx

Memory: 4k page, physical 16653216k(1066256k free), swap 22780260k(5488k free)

vm_info: OpenJDK 64-Bit Server VM (25.242-b01) for windows-amd64 JRE (1.8.0_242-release-1644-b01), built by "builder" with MS VC++ 10.0 (VS2010)

time: Tue Oct 20 10:35:42 2020
timezone: Türkiye Standart Saati
elapsed time: 7 seconds (0d 0h 0m 7s)

